<?xml version="1.0" encoding="UTF-8"?>
<testsuite name="TestSeleniumJunit" tests="1" skipped="0" failures="0" errors="0" timestamp="2021-08-30T10:31:25" hostname="DESKTOP-29KBN6H" time="16.615">
  <properties/>
  <testcase name="testImplicit" classname="TestSeleniumJunit" time="16.615"/>
  <system-out><![CDATA[]]></system-out>
  <system-err><![CDATA[1630319486393	geckodriver	INFO	Listening on 127.0.0.1:23494
1630319487170	mozrunner::runner	INFO	Running command: "C:\\Program Files\\Mozilla Firefox\\firefox.exe" "--marionette" "--headed" "-foreground" "-no-remote" "-profile" "C:\\Users\\user\\AppData\\Local\\Temp\\rust_mozprofilelsJFOl"
1630319487732	Marionette	INFO	Marionette enabled
console.warn: SearchSettings: "get: No settings file exists, new profile?" (new NotFoundError("Could not open the file at C:\\Users\\user\\AppData\\Local\\Temp\\rust_mozprofilelsJFOl\\search.json.mozlz4", (void 0)))
1630319490867	Marionette	INFO	Listening on port 51846
1630319491408	RemoteAgent	WARN	TLS certificate errors will be ignored for this session
Aug 30, 2021 4:31:31 PM org.openqa.selenium.remote.ProtocolHandshake createSession
INFO: Detected dialect: W3C
]]></system-err>
</testsuite>
